I, [2014-05-17T17:48:34.974547 #33636]  INFO -- Kitchen: -----> Starting Kitchen (v1.2.1)
I, [2014-05-17T17:48:35.622207 #33636]  INFO -- Kitchen: -----> Creating <default-centos-64>...
I, [2014-05-17T17:49:27.627191 #33636]  INFO -- Kitchen: -----> Converging <default-centos-64>...
I, [2014-05-17T17:50:09.697290 #33636]  INFO -- Kitchen: -----> Kitchen is finished. (1m34.72s)
I, [2014-05-17T18:00:40.783244 #33738]  INFO -- Kitchen: -----> Starting Kitchen (v1.2.1)
I, [2014-05-17T18:00:41.462133 #33738]  INFO -- Kitchen: -----> Destroying <default-centos-64>...
I, [2014-05-17T18:00:42.534580 #33738]  INFO -- Kitchen: -----> Kitchen is finished. (0m1.75s)
I, [2014-05-17T18:10:24.627227 #33785]  INFO -- Kitchen: -----> Starting Kitchen (v1.2.1)
I, [2014-05-17T18:10:25.282352 #33785]  INFO -- Kitchen: -----> Creating <default-centos-64>...
I, [2014-05-17T18:12:05.923395 #33785]  INFO -- Kitchen: -----> Converging <default-centos-64>...
I, [2014-05-17T18:12:40.864076 #33785]  INFO -- Kitchen: -----> Kitchen is finished. (2m16.24s)
I, [2014-05-17T19:01:31.696889 #34297]  INFO -- Kitchen: -----> Starting Kitchen (v1.2.1)
I, [2014-05-17T19:01:32.618404 #34297]  INFO -- Kitchen: -----> Cleaning up any prior instances of <default-centos-64>
I, [2014-05-17T19:01:32.621768 #34297]  INFO -- Kitchen: -----> Destroying <default-centos-64>...
I, [2014-05-17T19:01:33.265694 #34297]  INFO -- Kitchen: -----> Testing <default-centos-64>
I, [2014-05-17T19:01:33.265839 #34297]  INFO -- Kitchen: -----> Creating <default-centos-64>...
I, [2014-05-17T19:02:21.621488 #34297]  INFO -- Kitchen: -----> Converging <default-centos-64>...
I, [2014-05-17T19:03:10.098948 #34297]  INFO -- Kitchen: -----> Setting up <default-centos-64>...
I, [2014-05-17T19:03:42.150308 #34297]  INFO -- Kitchen: -----> Verifying <default-centos-64>...
E, [2014-05-17T19:03:45.157742 #34297] ERROR -- Kitchen: Verify failed on instance <default-centos-64>.
E, [2014-05-17T19:04:23.785819 #34312] ERROR -- Kitchen: ------Exception-------
E, [2014-05-17T19:04:23.785938 #34312] ERROR -- Kitchen: Class: Kitchen::UserError
E, [2014-05-17T19:04:23.785976 #34312] ERROR -- Kitchen: Message: Kitchen YAML file /Users/someara/src/opscode-cookbooks/hello/.kitchen.cloud.yml does not exist.
E, [2014-05-17T19:04:23.786003 #34312] ERROR -- Kitchen: ------Backtrace-------
E, [2014-05-17T19:04:23.786028 #34312] ERROR -- Kitchen: /Users/someara/.gem/gems/test-kitchen-1.2.1/lib/kitchen/loader/yaml.rb:74:in `read'
E, [2014-05-17T19:04:23.786053 #34312] ERROR -- Kitchen: /Users/someara/.gem/gems/test-kitchen-1.2.1/lib/kitchen/config.rb:78:in `data'
E, [2014-05-17T19:04:23.786078 #34312] ERROR -- Kitchen: /Users/someara/.gem/gems/test-kitchen-1.2.1/lib/kitchen/config.rb:66:in `suites'
E, [2014-05-17T19:04:23.786111 #34312] ERROR -- Kitchen: /Users/someara/.gem/gems/test-kitchen-1.2.1/lib/kitchen/config.rb:90:in `filter_instances'
E, [2014-05-17T19:04:23.786151 #34312] ERROR -- Kitchen: /Users/someara/.gem/gems/test-kitchen-1.2.1/lib/kitchen/config.rb:72:in `build_instances'
E, [2014-05-17T19:04:23.786175 #34312] ERROR -- Kitchen: /Users/someara/.gem/gems/test-kitchen-1.2.1/lib/kitchen/config.rb:52:in `instances'
E, [2014-05-17T19:04:23.786198 #34312] ERROR -- Kitchen: /Users/someara/.gem/gems/test-kitchen-1.2.1/lib/kitchen/command.rb:64:in `get_filtered_instances'
E, [2014-05-17T19:04:23.786222 #34312] ERROR -- Kitchen: /Users/someara/.gem/gems/test-kitchen-1.2.1/lib/kitchen/command.rb:85:in `parse_subcommand'
E, [2014-05-17T19:04:23.786245 #34312] ERROR -- Kitchen: /Users/someara/.gem/gems/test-kitchen-1.2.1/lib/kitchen/command/list.rb:31:in `call'
E, [2014-05-17T19:04:23.786278 #34312] ERROR -- Kitchen: /Users/someara/.gem/gems/test-kitchen-1.2.1/lib/kitchen/cli.rb:47:in `perform'
E, [2014-05-17T19:04:23.786302 #34312] ERROR -- Kitchen: /Users/someara/.gem/gems/test-kitchen-1.2.1/lib/kitchen/cli.rb:81:in `list'
E, [2014-05-17T19:04:23.786325 #34312] ERROR -- Kitchen: /Users/someara/.gem/gems/thor-0.19.1/lib/thor/command.rb:27:in `run'
E, [2014-05-17T19:04:23.786348 #34312] ERROR -- Kitchen: /Users/someara/.gem/gems/thor-0.19.1/lib/thor/invocation.rb:126:in `invoke_command'
E, [2014-05-17T19:04:23.786395 #34312] ERROR -- Kitchen: /Users/someara/.gem/gems/test-kitchen-1.2.1/lib/kitchen/cli.rb:233:in `invoke_task'
E, [2014-05-17T19:04:23.786420 #34312] ERROR -- Kitchen: /Users/someara/.gem/gems/thor-0.19.1/lib/thor.rb:359:in `dispatch'
E, [2014-05-17T19:04:23.786444 #34312] ERROR -- Kitchen: /Users/someara/.gem/gems/thor-0.19.1/lib/thor/base.rb:440:in `start'
E, [2014-05-17T19:04:23.786467 #34312] ERROR -- Kitchen: /Users/someara/.gem/gems/test-kitchen-1.2.1/bin/kitchen:13:in `block in <top (required)>'
E, [2014-05-17T19:04:23.786490 #34312] ERROR -- Kitchen: /Users/someara/.gem/gems/test-kitchen-1.2.1/lib/kitchen/errors.rb:81:in `with_friendly_errors'
E, [2014-05-17T19:04:23.786520 #34312] ERROR -- Kitchen: /Users/someara/.gem/gems/test-kitchen-1.2.1/bin/kitchen:13:in `<top (required)>'
E, [2014-05-17T19:04:23.786543 #34312] ERROR -- Kitchen: /Users/someara/.gem/bin/kitchen:23:in `load'
E, [2014-05-17T19:04:23.786566 #34312] ERROR -- Kitchen: /Users/someara/.gem/bin/kitchen:23:in `<main>'
E, [2014-05-17T19:04:23.786588 #34312] ERROR -- Kitchen: ----------------------
I, [2014-05-17T19:04:45.181754 #34315]  INFO -- Kitchen: -----> Starting Kitchen (v1.2.1)
I, [2014-05-17T19:04:45.844207 #34315]  INFO -- Kitchen: -----> Cleaning up any prior instances of <default-centos-64>
I, [2014-05-17T19:04:45.844765 #34315]  INFO -- Kitchen: -----> Destroying <default-centos-64>...
I, [2014-05-17T19:04:46.427925 #34315]  INFO -- Kitchen: -----> Testing <default-centos-64>
I, [2014-05-17T19:04:46.428069 #34315]  INFO -- Kitchen: -----> Creating <default-centos-64>...
I, [2014-05-17T19:05:50.475867 #34315]  INFO -- Kitchen: -----> Converging <default-centos-64>...
I, [2014-05-17T19:07:11.477606 #34315]  INFO -- Kitchen: -----> Setting up <default-centos-64>...
I, [2014-05-17T19:07:31.533200 #34315]  INFO -- Kitchen: -----> Verifying <default-centos-64>...
E, [2014-05-17T19:07:33.640364 #34315] ERROR -- Kitchen: Verify failed on instance <default-centos-64>.
I, [2014-05-17T19:29:35.871318 #34459]  INFO -- Kitchen: -----> Starting Kitchen (v1.2.1)
I, [2014-05-17T19:29:36.611354 #34459]  INFO -- Kitchen: -----> Cleaning up any prior instances of <default-centos-64>
I, [2014-05-17T19:29:36.615579 #34459]  INFO -- Kitchen: -----> Destroying <default-centos-64>...
I, [2014-05-17T19:29:37.758779 #34459]  INFO -- Kitchen: -----> Testing <default-centos-64>
I, [2014-05-17T19:29:37.758958 #34459]  INFO -- Kitchen: -----> Creating <default-centos-64>...
I, [2014-05-17T19:30:21.561939 #34459]  INFO -- Kitchen: -----> Converging <default-centos-64>...
I, [2014-05-17T19:30:50.010980 #34459]  INFO -- Kitchen: -----> Setting up <default-centos-64>...
I, [2014-05-17T19:31:09.672095 #34459]  INFO -- Kitchen: -----> Verifying <default-centos-64>...
E, [2014-05-17T19:31:11.531524 #34459] ERROR -- Kitchen: Verify failed on instance <default-centos-64>.
I, [2014-05-17T19:38:26.779270 #34520]  INFO -- Kitchen: -----> Starting Kitchen (v1.2.1)
I, [2014-05-17T19:38:27.733405 #34520]  INFO -- Kitchen: -----> Cleaning up any prior instances of <default-centos-64>
I, [2014-05-17T19:38:27.734745 #34520]  INFO -- Kitchen: -----> Destroying <default-centos-64>...
I, [2014-05-17T19:38:28.536811 #34520]  INFO -- Kitchen: -----> Testing <default-centos-64>
I, [2014-05-17T19:38:28.537027 #34520]  INFO -- Kitchen: -----> Creating <default-centos-64>...
I, [2014-05-17T19:39:17.051634 #34520]  INFO -- Kitchen: -----> Converging <default-centos-64>...
I, [2014-05-17T19:39:49.075813 #34520]  INFO -- Kitchen: -----> Setting up <default-centos-64>...
I, [2014-05-17T19:40:20.825389 #34520]  INFO -- Kitchen: -----> Verifying <default-centos-64>...
E, [2014-05-17T19:40:23.180716 #34520] ERROR -- Kitchen: Verify failed on instance <default-centos-64>.
I, [2014-05-17T19:40:44.641243 #34535]  INFO -- Kitchen: -----> Starting Kitchen (v1.2.1)
I, [2014-05-17T19:40:45.616892 #34535]  INFO -- Kitchen: -----> Cleaning up any prior instances of <default-centos-64>
I, [2014-05-17T19:40:45.617502 #34535]  INFO -- Kitchen: -----> Destroying <default-centos-64>...
I, [2014-05-17T19:40:46.260511 #34535]  INFO -- Kitchen: -----> Testing <default-centos-64>
I, [2014-05-17T19:40:46.260841 #34535]  INFO -- Kitchen: -----> Creating <default-centos-64>...
I, [2014-05-17T19:41:34.109056 #34535]  INFO -- Kitchen: -----> Converging <default-centos-64>...
I, [2014-05-17T19:42:08.210047 #34535]  INFO -- Kitchen: -----> Setting up <default-centos-64>...
I, [2014-05-17T19:42:30.525919 #34535]  INFO -- Kitchen: -----> Verifying <default-centos-64>...
E, [2014-05-17T19:42:32.779882 #34535] ERROR -- Kitchen: Verify failed on instance <default-centos-64>.
I, [2014-05-17T19:53:12.693938 #34597]  INFO -- Kitchen: -----> Starting Kitchen (v1.2.1)
I, [2014-05-17T19:53:13.341326 #34597]  INFO -- Kitchen: -----> Destroying <default-centos-64>...
I, [2014-05-17T19:53:14.535738 #34597]  INFO -- Kitchen: -----> Kitchen is finished. (0m1.84s)
I, [2014-05-19T10:55:37.369121 #699]  INFO -- Kitchen: -----> Starting Kitchen (v1.2.1)
I, [2014-05-19T10:55:38.323563 #699]  INFO -- Kitchen: -----> Cleaning up any prior instances of <default-centos-64>
I, [2014-05-19T10:55:38.327661 #699]  INFO -- Kitchen: -----> Destroying <default-centos-64>...
I, [2014-05-19T10:55:38.333039 #699]  INFO -- Kitchen: -----> Testing <default-centos-64>
I, [2014-05-19T10:55:38.333222 #699]  INFO -- Kitchen: -----> Creating <default-centos-64>...
I, [2014-05-19T10:56:30.266320 #699]  INFO -- Kitchen: -----> Converging <default-centos-64>...
I, [2014-05-19T10:57:03.335874 #699]  INFO -- Kitchen: -----> Setting up <default-centos-64>...
I, [2014-05-19T10:57:24.367260 #699]  INFO -- Kitchen: -----> Verifying <default-centos-64>...
E, [2014-05-19T10:57:26.464116 #699] ERROR -- Kitchen: Verify failed on instance <default-centos-64>.
I, [2014-05-19T11:00:05.538116 #753]  INFO -- Kitchen: -----> Starting Kitchen (v1.2.1)
I, [2014-05-19T11:00:06.147658 #753]  INFO -- Kitchen: -----> Destroying <default-centos-64>...
I, [2014-05-19T11:00:06.856435 #753]  INFO -- Kitchen: -----> Kitchen is finished. (0m1.32s)
I, [2014-05-19T11:00:12.843386 #755]  INFO -- Kitchen: -----> Starting Kitchen (v1.2.1)
I, [2014-05-19T11:00:13.465991 #755]  INFO -- Kitchen: -----> Cleaning up any prior instances of <default-centos-65>
I, [2014-05-19T11:00:13.466499 #755]  INFO -- Kitchen: -----> Destroying <default-centos-65>...
I, [2014-05-19T11:00:13.470089 #755]  INFO -- Kitchen: -----> Testing <default-centos-65>
I, [2014-05-19T11:00:13.470233 #755]  INFO -- Kitchen: -----> Creating <default-centos-65>...
I, [2014-05-19T11:01:27.252979 #755]  INFO -- Kitchen: -----> Converging <default-centos-65>...
I, [2014-05-19T11:02:21.372019 #755]  INFO -- Kitchen: -----> Setting up <default-centos-65>...
I, [2014-05-19T11:02:45.163379 #755]  INFO -- Kitchen: -----> Verifying <default-centos-65>...
E, [2014-05-19T11:02:47.289460 #755] ERROR -- Kitchen: Verify failed on instance <default-centos-65>.
I, [2014-05-19T11:04:16.281792 #778]  INFO -- Kitchen: -----> Starting Kitchen (v1.2.1)
I, [2014-05-19T11:04:16.917162 #778]  INFO -- Kitchen: -----> Cleaning up any prior instances of <default-centos-65>
I, [2014-05-19T11:04:16.918039 #778]  INFO -- Kitchen: -----> Destroying <default-centos-65>...
I, [2014-05-19T11:04:18.103617 #778]  INFO -- Kitchen: -----> Testing <default-centos-65>
I, [2014-05-19T11:04:18.103795 #778]  INFO -- Kitchen: -----> Creating <default-centos-65>...
I, [2014-05-19T11:05:05.896716 #778]  INFO -- Kitchen: -----> Converging <default-centos-65>...
I, [2014-05-19T11:05:33.316372 #778]  INFO -- Kitchen: -----> Setting up <default-centos-65>...
I, [2014-05-19T11:06:02.660712 #778]  INFO -- Kitchen: -----> Verifying <default-centos-65>...
E, [2014-05-19T11:06:04.650737 #778] ERROR -- Kitchen: Verify failed on instance <default-centos-65>.
I, [2014-05-19T11:07:40.903420 #784]  INFO -- Kitchen: -----> Starting Kitchen (v1.2.1)
I, [2014-05-19T11:07:41.521010 #784]  INFO -- Kitchen: -----> Cleaning up any prior instances of <default-centos-65>
I, [2014-05-19T11:07:41.521916 #784]  INFO -- Kitchen: -----> Destroying <default-centos-65>...
I, [2014-05-19T11:07:42.540981 #784]  INFO -- Kitchen: -----> Testing <default-centos-65>
I, [2014-05-19T11:07:42.541264 #784]  INFO -- Kitchen: -----> Creating <default-centos-65>...
I, [2014-05-19T11:08:36.677621 #784]  INFO -- Kitchen: -----> Converging <default-centos-65>...
I, [2014-05-19T11:09:21.359367 #784]  INFO -- Kitchen: -----> Setting up <default-centos-65>...
I, [2014-05-19T11:09:42.241820 #784]  INFO -- Kitchen: -----> Verifying <default-centos-65>...
E, [2014-05-19T11:09:44.545919 #784] ERROR -- Kitchen: Verify failed on instance <default-centos-65>.
I, [2014-05-19T11:11:32.544781 #805]  INFO -- Kitchen: -----> Starting Kitchen (v1.2.1)
I, [2014-05-19T11:11:33.174885 #805]  INFO -- Kitchen: -----> Cleaning up any prior instances of <default-centos-65>
I, [2014-05-19T11:11:33.175373 #805]  INFO -- Kitchen: -----> Destroying <default-centos-65>...
I, [2014-05-19T11:11:34.311047 #805]  INFO -- Kitchen: -----> Testing <default-centos-65>
I, [2014-05-19T11:11:34.311338 #805]  INFO -- Kitchen: -----> Creating <default-centos-65>...
I, [2014-05-19T11:11:40.691616 #806]  INFO -- Kitchen: -----> Starting Kitchen (v1.2.1)
I, [2014-05-19T11:11:41.334296 #806]  INFO -- Kitchen: -----> Cleaning up any prior instances of <default-centos-65>
I, [2014-05-19T11:11:41.334672 #806]  INFO -- Kitchen: -----> Destroying <default-centos-65>...
I, [2014-05-19T11:11:41.337994 #806]  INFO -- Kitchen: -----> Testing <default-centos-65>
I, [2014-05-19T11:11:41.338173 #806]  INFO -- Kitchen: -----> Creating <default-centos-65>...
I, [2014-05-19T11:12:32.739184 #805]  INFO -- Kitchen: -----> Converging <default-centos-65>...
I, [2014-05-19T11:12:35.394745 #806]  INFO -- Kitchen: -----> Converging <default-centos-65>...
I, [2014-05-19T11:13:10.299103 #806]  INFO -- Kitchen: -----> Setting up <default-centos-65>...
I, [2014-05-19T11:13:14.227253 #805]  INFO -- Kitchen: -----> Setting up <default-centos-65>...
I, [2014-05-19T11:13:35.820475 #806]  INFO -- Kitchen: -----> Verifying <default-centos-65>...
E, [2014-05-19T11:13:38.130186 #806] ERROR -- Kitchen: Verify failed on instance <default-centos-65>.
I, [2014-05-19T11:13:48.971143 #805]  INFO -- Kitchen: -----> Verifying <default-centos-65>...
E, [2014-05-19T11:13:57.044091 #805] ERROR -- Kitchen: Verify failed on instance <default-centos-65>.
I, [2014-05-19T11:24:37.561380 #856]  INFO -- Kitchen: -----> Starting Kitchen (v1.2.1)
I, [2014-05-19T11:24:38.197547 #856]  INFO -- Kitchen: -----> Cleaning up any prior instances of <default-centos-65>
I, [2014-05-19T11:24:38.198500 #856]  INFO -- Kitchen: -----> Destroying <default-centos-65>...
I, [2014-05-19T11:24:39.014272 #856]  INFO -- Kitchen: -----> Testing <default-centos-65>
I, [2014-05-19T11:24:39.014420 #856]  INFO -- Kitchen: -----> Creating <default-centos-65>...
I, [2014-05-19T11:25:55.376088 #856]  INFO -- Kitchen: -----> Converging <default-centos-65>...
I, [2014-05-19T11:26:33.045096 #856]  INFO -- Kitchen: -----> Setting up <default-centos-65>...
I, [2014-05-19T11:27:05.507262 #856]  INFO -- Kitchen: -----> Verifying <default-centos-65>...
E, [2014-05-19T11:27:08.185126 #856] ERROR -- Kitchen: Verify failed on instance <default-centos-65>.
I, [2014-05-19T11:27:25.106720 #858]  INFO -- Kitchen: -----> Starting Kitchen (v1.2.1)
I, [2014-05-19T11:27:25.736703 #858]  INFO -- Kitchen: -----> Destroying <default-centos-65>...
I, [2014-05-19T11:27:26.320231 #858]  INFO -- Kitchen: -----> Kitchen is finished. (0m1.21s)
I, [2014-05-19T11:52:46.623691 #952]  INFO -- Kitchen: -----> Starting Kitchen (v1.2.1)
I, [2014-05-19T11:52:47.368049 #952]  INFO -- Kitchen: -----> Cleaning up any prior instances of <default-centos-65>
I, [2014-05-19T11:52:47.368872 #952]  INFO -- Kitchen: -----> Destroying <default-centos-65>...
I, [2014-05-19T11:52:47.371737 #952]  INFO -- Kitchen: -----> Testing <default-centos-65>
I, [2014-05-19T11:52:47.371851 #952]  INFO -- Kitchen: -----> Creating <default-centos-65>...
I, [2014-05-19T11:54:23.298571 #952]  INFO -- Kitchen: -----> Converging <default-centos-65>...
I, [2014-05-19T11:54:56.177301 #952]  INFO -- Kitchen: -----> Setting up <default-centos-65>...
I, [2014-05-19T11:54:56.179450 #952]  INFO -- Kitchen: -----> Verifying <default-centos-65>...
I, [2014-05-19T11:54:56.181188 #952]  INFO -- Kitchen: -----> Destroying <default-centos-65>...
I, [2014-05-19T11:54:57.213638 #952]  INFO -- Kitchen: -----> Kitchen is finished. (2m10.59s)
I, [2014-05-19T12:10:37.705415 #998]  INFO -- Kitchen: -----> Starting Kitchen (v1.2.1)
I, [2014-05-19T12:10:38.402995 #998]  INFO -- Kitchen: -----> Cleaning up any prior instances of <default-centos-65>
I, [2014-05-19T12:10:38.406270 #998]  INFO -- Kitchen: -----> Destroying <default-centos-65>...
I, [2014-05-19T12:10:38.408680 #998]  INFO -- Kitchen: -----> Testing <default-centos-65>
I, [2014-05-19T12:10:38.408838 #998]  INFO -- Kitchen: -----> Creating <default-centos-65>...
I, [2014-05-19T12:11:59.516328 #998]  INFO -- Kitchen: -----> Converging <default-centos-65>...
I, [2014-05-19T12:12:37.183158 #998]  INFO -- Kitchen: -----> Setting up <default-centos-65>...
I, [2014-05-19T12:12:37.185370 #998]  INFO -- Kitchen: -----> Verifying <default-centos-65>...
I, [2014-05-19T12:12:37.187740 #998]  INFO -- Kitchen: -----> Destroying <default-centos-65>...
I, [2014-05-19T12:12:37.763722 #998]  INFO -- Kitchen: -----> Kitchen is finished. (2m0.05s)
I, [2014-05-19T12:14:50.624732 #1024]  INFO -- Kitchen: -----> Starting Kitchen (v1.2.1)
I, [2014-05-19T12:14:51.285339 #1024]  INFO -- Kitchen: -----> Cleaning up any prior instances of <default-centos-65>
I, [2014-05-19T12:14:51.285764 #1024]  INFO -- Kitchen: -----> Destroying <default-centos-65>...
I, [2014-05-19T12:14:51.289591 #1024]  INFO -- Kitchen: -----> Testing <default-centos-65>
I, [2014-05-19T12:14:51.289808 #1024]  INFO -- Kitchen: -----> Creating <default-centos-65>...
I, [2014-05-19T12:16:37.071343 #1024]  INFO -- Kitchen: -----> Converging <default-centos-65>...
I, [2014-05-19T12:17:24.368782 #1024]  INFO -- Kitchen: -----> Setting up <default-centos-65>...
I, [2014-05-19T12:17:55.319281 #1024]  INFO -- Kitchen: -----> Verifying <default-centos-65>...
E, [2014-05-19T12:17:57.502048 #1024] ERROR -- Kitchen: Verify failed on instance <default-centos-65>.
I, [2014-05-19T12:20:40.823937 #1056]  INFO -- Kitchen: -----> Starting Kitchen (v1.2.1)
I, [2014-05-19T12:20:41.455868 #1056]  INFO -- Kitchen: -----> Cleaning up any prior instances of <default-centos-65>
I, [2014-05-19T12:20:41.456735 #1056]  INFO -- Kitchen: -----> Destroying <default-centos-65>...
I, [2014-05-19T12:20:42.845313 #1056]  INFO -- Kitchen: -----> Testing <default-centos-65>
I, [2014-05-19T12:20:42.845588 #1056]  INFO -- Kitchen: -----> Creating <default-centos-65>...
I, [2014-05-19T12:22:59.535981 #1056]  INFO -- Kitchen: -----> Converging <default-centos-65>...
I, [2014-05-19T12:23:45.267826 #1056]  INFO -- Kitchen: -----> Setting up <default-centos-65>...
I, [2014-05-19T12:24:19.426372 #1056]  INFO -- Kitchen: -----> Verifying <default-centos-65>...
E, [2014-05-19T12:24:23.022351 #1056] ERROR -- Kitchen: Verify failed on instance <default-centos-65>.
I, [2014-05-19T12:33:49.225613 #1147]  INFO -- Kitchen: -----> Starting Kitchen (v1.2.1)
I, [2014-05-19T12:33:49.862644 #1147]  INFO -- Kitchen: -----> Cleaning up any prior instances of <default-centos-65>
I, [2014-05-19T12:33:49.863617 #1147]  INFO -- Kitchen: -----> Destroying <default-centos-65>...
I, [2014-05-19T12:33:50.552391 #1147]  INFO -- Kitchen: -----> Testing <default-centos-65>
I, [2014-05-19T12:33:50.552588 #1147]  INFO -- Kitchen: -----> Creating <default-centos-65>...
I, [2014-05-19T12:34:43.152151 #1147]  INFO -- Kitchen: -----> Converging <default-centos-65>...
I, [2014-05-19T12:35:14.990770 #1147]  INFO -- Kitchen: -----> Setting up <default-centos-65>...
I, [2014-05-19T12:35:35.647072 #1147]  INFO -- Kitchen: -----> Verifying <default-centos-65>...
I, [2014-05-19T12:35:37.634494 #1147]  INFO -- Kitchen: -----> Destroying <default-centos-65>...
I, [2014-05-19T12:35:38.159042 #1147]  INFO -- Kitchen: -----> Kitchen is finished. (1m48.93s)
I, [2014-05-19T12:36:24.808872 #1155]  INFO -- Kitchen: -----> Starting Kitchen (v1.2.1)
I, [2014-05-19T12:36:25.436008 #1155]  INFO -- Kitchen: -----> Cleaning up any prior instances of <default-centos-65>
I, [2014-05-19T12:36:25.436301 #1155]  INFO -- Kitchen: -----> Destroying <default-centos-65>...
I, [2014-05-19T12:36:25.439637 #1155]  INFO -- Kitchen: -----> Testing <default-centos-65>
I, [2014-05-19T12:36:25.439848 #1155]  INFO -- Kitchen: -----> Creating <default-centos-65>...
I, [2014-05-19T12:37:14.308117 #1155]  INFO -- Kitchen: -----> Converging <default-centos-65>...
I, [2014-05-19T12:37:45.216467 #1155]  INFO -- Kitchen: -----> Setting up <default-centos-65>...
I, [2014-05-19T12:38:05.574331 #1155]  INFO -- Kitchen: -----> Verifying <default-centos-65>...
I, [2014-05-19T12:38:07.727423 #1155]  INFO -- Kitchen: -----> Destroying <default-centos-65>...
I, [2014-05-19T12:38:08.378844 #1155]  INFO -- Kitchen: -----> Kitchen is finished. (1m43.57s)
